<?xml version="1.0" encoding="UTF-8"?>
<robot generator="Robot 7.1 (Python 3.12.4 on win32)" generated="2024-10-29T17:42:01.709698" rpa="false" schemaversion="5">
<suite id="s1" name="Tests" source="C:\Users\rober\dev\pdv-test-automation\Tests">
<suite id="s1-s1" name="VendaTest" source="C:\Users\rober\dev\pdv-test-automation\Tests\VendaTest.robot">
<kw name="Abrir PDV" owner="Abrir-E-Fechar-PDV" type="SETUP">
<kw name="Launch Application" owner="FlaUILibrary">
<arg>C:\\Program Files (x86)\\Softcom Tecnologia\\Softshop Caixa\\Softshop.exe</arg>
<doc>Launches an application.</doc>
<status status="PASS" start="2024-10-29T17:42:02.315291" elapsed="0.094473"/>
</kw>
<status status="PASS" start="2024-10-29T17:42:02.314012" elapsed="0.096753"/>
</kw>
<test id="s1-s1-t1" name="Realizar venda pagamento em dinheiro" line="13">
<kw name="Realizar login no PDV" owner="Hooks">
<kw name="Informar senha valida" owner="LoginPage">
<kw name="Wait Until Element Exist" owner="FlaUILibrary">
<arg>${login.senha}</arg>
<doc>Waits until element exist or timeout was reached. If timeout was reached an FlaUIError occurred.</doc>
<status status="PASS" start="2024-10-29T17:42:02.411795" elapsed="15.076832"/>
</kw>
<kw name="Click" owner="FlaUILibrary">
<arg>${login.senha}</arg>
<doc>Left click to element by an XPath.</doc>
<status status="PASS" start="2024-10-29T17:42:17.488627" elapsed="0.262538"/>
</kw>
<kw name="Set Text To Textbox" owner="FlaUILibrary">
<arg>${login.senha}</arg>
<arg>${PDV_SENHA_VALIDA}</arg>
<doc>Inputs value to a textbox module.</doc>
<status status="PASS" start="2024-10-29T17:42:17.751165" elapsed="0.149397"/>
</kw>
<status status="PASS" start="2024-10-29T17:42:02.411795" elapsed="15.488767"/>
</kw>
<kw name="Clicar no botao Login" owner="LoginPage">
<kw name="Click" owner="FlaUILibrary">
<arg>${login.btnLogin}</arg>
<doc>Left click to element by an XPath.</doc>
<status status="PASS" start="2024-10-29T17:42:17.900562" elapsed="0.237263"/>
</kw>
<status status="PASS" start="2024-10-29T17:42:17.900562" elapsed="0.237263"/>
</kw>
<kw name="Validar que PDV abriu e carregou os dados" owner="HomePage">
<kw name="Wait Until Element Exist" owner="FlaUILibrary">
<arg>${homepage.btnKDS}</arg>
<doc>Waits until element exist or timeout was reached. If timeout was reached an FlaUIError occurred.</doc>
<status status="PASS" start="2024-10-29T17:42:18.137825" elapsed="11.777142"/>
</kw>
<status status="PASS" start="2024-10-29T17:42:18.137825" elapsed="11.778142"/>
</kw>
<status status="PASS" start="2024-10-29T17:42:02.410765" elapsed="27.505202"/>
</kw>
<kw name="Iniciar venda pela tecla de atalho" owner="HomePage">
<kw name="Press Key" owner="PyAutoGuiLibrary">
<arg>F1</arg>
<doc>Pressiona a tecla especificada.</doc>
<status status="PASS" start="2024-10-29T17:42:29.916965" elapsed="0.100880"/>
</kw>
<status status="PASS" start="2024-10-29T17:42:29.915967" elapsed="0.101878"/>
</kw>
<kw name="Informar produto na venda" owner="VendaPage">
<kw name="Wait Until Element Exist" owner="FlaUILibrary">
<arg>${venda.logoTelaVendas}</arg>
<doc>Waits until element exist or timeout was reached. If timeout was reached an FlaUIError occurred.</doc>
<status status="PASS" start="2024-10-29T17:42:30.017845" elapsed="0.279465"/>
</kw>
<kw name="Click" owner="FlaUILibrary">
<arg>${venda.inputCodigo}</arg>
<doc>Left click to element by an XPath.</doc>
<status status="PASS" start="2024-10-29T17:42:30.297310" elapsed="0.416730"/>
</kw>
<kw name="Log" owner="BuiltIn">
<msg time="2024-10-29T17:42:30.714383" level="INFO">12</msg>
<arg>${produto}</arg>
<doc>Logs the given message with the given level.</doc>
<status status="PASS" start="2024-10-29T17:42:30.714383" elapsed="0.000000"/>
</kw>
<kw name="Set Text To Textbox" owner="FlaUILibrary">
<arg>${venda.inputCodigo}</arg>
<arg>${produto}</arg>
<doc>Inputs value to a textbox module.</doc>
<status status="PASS" start="2024-10-29T17:42:30.715400" elapsed="0.331852"/>
</kw>
<kw name="Press Key" owner="PyAutoGuiLibrary">
<arg>ENTER</arg>
<doc>Pressiona a tecla especificada.</doc>
<status status="PASS" start="2024-10-29T17:42:31.047252" elapsed="0.101715"/>
</kw>
<arg>${CODIGO_PRODUTO}</arg>
<status status="PASS" start="2024-10-29T17:42:30.017845" elapsed="1.131122"/>
</kw>
<kw name="Fechar venda" owner="VendaPage">
<kw name="Press Key" owner="PyAutoGuiLibrary">
<arg>F3</arg>
<doc>Pressiona a tecla especificada.</doc>
<status status="PASS" start="2024-10-29T17:42:31.148967" elapsed="0.101831"/>
</kw>
<status status="PASS" start="2024-10-29T17:42:31.148967" elapsed="0.101831"/>
</kw>
<kw name="Informar pagamento" owner="PagamentoPage">
<kw name="Wait Until Element Exist" owner="FlaUILibrary">
<arg>${pagamento.logoTelaPagamento}</arg>
<doc>Waits until element exist or timeout was reached. If timeout was reached an FlaUIError occurred.</doc>
<status status="PASS" start="2024-10-29T17:42:31.251846" elapsed="0.515719"/>
</kw>
<kw name="Click" owner="FlaUILibrary">
<arg>${pagamento.formasPagamento.${forma_pagamento}}</arg>
<doc>Left click to element by an XPath.</doc>
<status status="PASS" start="2024-10-29T17:42:31.767565" elapsed="0.497197"/>
</kw>
<arg>dinheiro</arg>
<status status="PASS" start="2024-10-29T17:42:31.250798" elapsed="1.014209"/>
</kw>
<kw name="Lancar pagamento na venda" owner="PagamentoPage">
<kw name="Press Key" owner="PyAutoGuiLibrary">
<arg>-</arg>
<doc>Pressiona a tecla especificada.</doc>
<status status="PASS" start="2024-10-29T17:42:32.265973" elapsed="0.102239"/>
</kw>
<status status="PASS" start="2024-10-29T17:42:32.265973" elapsed="0.102239"/>
</kw>
<kw name="Finalizar venda" owner="PagamentoPage">
<kw name="Press Key" owner="PyAutoGuiLibrary">
<arg>F9</arg>
<doc>Pressiona a tecla especificada.</doc>
<status status="PASS" start="2024-10-29T17:42:32.369228" elapsed="0.100897"/>
</kw>
<kw name="Sleep" owner="BuiltIn">
<msg time="2024-10-29T17:42:37.470707" level="INFO">Slept 5 seconds.</msg>
<arg>5</arg>
<doc>Pauses the test executed for the given time.</doc>
<status status="PASS" start="2024-10-29T17:42:32.470125" elapsed="5.000582"/>
</kw>
<kw name="Press Key" owner="PyAutoGuiLibrary">
<arg>ESC</arg>
<doc>Pressiona a tecla especificada.</doc>
<status status="PASS" start="2024-10-29T17:42:37.470707" elapsed="0.103700"/>
</kw>
<status status="PASS" start="2024-10-29T17:42:32.368212" elapsed="5.206195"/>
</kw>
<kw name="Aguardar retornar para a Home do PDV" owner="Hooks">
<kw name="Wait Until Element Exist" owner="FlaUILibrary">
<arg>${homepage.btnIniciarVenda}</arg>
<doc>Waits until element exist or timeout was reached. If timeout was reached an FlaUIError occurred.</doc>
<status status="PASS" start="2024-10-29T17:42:37.575421" elapsed="3.097256"/>
</kw>
<status status="PASS" start="2024-10-29T17:42:37.575421" elapsed="3.097256"/>
</kw>
<tag>sucesso</tag>
<tag>venda</tag>
<status status="PASS" start="2024-10-29T17:42:02.410765" elapsed="38.262874"/>
</test>
<test id="s1-s1-t2" name="Realizar venda pagamento em PIX OFF" line="25">
<kw name="Iniciar venda pela tecla de atalho" owner="HomePage">
<kw name="Press Key" owner="PyAutoGuiLibrary">
<arg>F1</arg>
<doc>Pressiona a tecla especificada.</doc>
<status status="PASS" start="2024-10-29T17:42:40.674756" elapsed="0.101017"/>
</kw>
<status status="PASS" start="2024-10-29T17:42:40.673639" elapsed="0.102134"/>
</kw>
<kw name="Informar produto na venda" owner="VendaPage">
<kw name="Wait Until Element Exist" owner="FlaUILibrary">
<arg>${venda.logoTelaVendas}</arg>
<doc>Waits until element exist or timeout was reached. If timeout was reached an FlaUIError occurred.</doc>
<status status="PASS" start="2024-10-29T17:42:40.775773" elapsed="0.154770"/>
</kw>
<kw name="Click" owner="FlaUILibrary">
<arg>${venda.inputCodigo}</arg>
<doc>Left click to element by an XPath.</doc>
<status status="PASS" start="2024-10-29T17:42:40.931542" elapsed="0.411375"/>
</kw>
<kw name="Log" owner="BuiltIn">
<msg time="2024-10-29T17:42:41.342917" level="INFO">12</msg>
<arg>${produto}</arg>
<doc>Logs the given message with the given level.</doc>
<status status="PASS" start="2024-10-29T17:42:41.342917" elapsed="0.000000"/>
</kw>
<kw name="Set Text To Textbox" owner="FlaUILibrary">
<arg>${venda.inputCodigo}</arg>
<arg>${produto}</arg>
<doc>Inputs value to a textbox module.</doc>
<status status="PASS" start="2024-10-29T17:42:41.343937" elapsed="0.293056"/>
</kw>
<kw name="Press Key" owner="PyAutoGuiLibrary">
<arg>ENTER</arg>
<doc>Pressiona a tecla especificada.</doc>
<status status="PASS" start="2024-10-29T17:42:41.636993" elapsed="0.101772"/>
</kw>
<arg>${CODIGO_PRODUTO}</arg>
<status status="PASS" start="2024-10-29T17:42:40.775773" elapsed="0.962992"/>
</kw>
<kw name="Fechar venda" owner="VendaPage">
<kw name="Press Key" owner="PyAutoGuiLibrary">
<arg>F3</arg>
<doc>Pressiona a tecla especificada.</doc>
<status status="PASS" start="2024-10-29T17:42:41.739188" elapsed="0.101201"/>
</kw>
<status status="PASS" start="2024-10-29T17:42:41.739188" elapsed="0.101201"/>
</kw>
<kw name="Informar pagamento" owner="PagamentoPage">
<kw name="Wait Until Element Exist" owner="FlaUILibrary">
<arg>${pagamento.logoTelaPagamento}</arg>
<doc>Waits until element exist or timeout was reached. If timeout was reached an FlaUIError occurred.</doc>
<status status="PASS" start="2024-10-29T17:42:41.840389" elapsed="0.334905"/>
</kw>
<kw name="Click" owner="FlaUILibrary">
<arg>${pagamento.formasPagamento.${forma_pagamento}}</arg>
<doc>Left click to element by an XPath.</doc>
<status status="PASS" start="2024-10-29T17:42:42.175294" elapsed="0.454184"/>
</kw>
<arg>pixOff</arg>
<status status="PASS" start="2024-10-29T17:42:41.840389" elapsed="0.789775"/>
</kw>
<kw name="Lancar pagamento na venda" owner="PagamentoPage">
<kw name="Press Key" owner="PyAutoGuiLibrary">
<arg>-</arg>
<doc>Pressiona a tecla especificada.</doc>
<status status="PASS" start="2024-10-29T17:42:42.631149" elapsed="0.101960"/>
</kw>
<status status="PASS" start="2024-10-29T17:42:42.631149" elapsed="0.101960"/>
</kw>
<kw name="Finalizar venda" owner="PagamentoPage">
<kw name="Press Key" owner="PyAutoGuiLibrary">
<arg>F9</arg>
<doc>Pressiona a tecla especificada.</doc>
<status status="PASS" start="2024-10-29T17:42:42.734168" elapsed="0.100896"/>
</kw>
<kw name="Sleep" owner="BuiltIn">
<msg time="2024-10-29T17:42:47.835241" level="INFO">Slept 5 seconds.</msg>
<arg>5</arg>
<doc>Pauses the test executed for the given time.</doc>
<status status="PASS" start="2024-10-29T17:42:42.835064" elapsed="5.000177"/>
</kw>
<kw name="Press Key" owner="PyAutoGuiLibrary">
<arg>ESC</arg>
<doc>Pressiona a tecla especificada.</doc>
<status status="PASS" start="2024-10-29T17:42:47.835241" elapsed="0.100993"/>
</kw>
<status status="PASS" start="2024-10-29T17:42:42.733109" elapsed="5.203125"/>
</kw>
<kw name="Aguardar retornar para a Home do PDV" owner="Hooks">
<kw name="Wait Until Element Exist" owner="FlaUILibrary">
<arg>${homepage.btnIniciarVenda}</arg>
<doc>Waits until element exist or timeout was reached. If timeout was reached an FlaUIError occurred.</doc>
<status status="PASS" start="2024-10-29T17:42:47.936234" elapsed="1.847679"/>
</kw>
<status status="PASS" start="2024-10-29T17:42:47.936234" elapsed="1.847679"/>
</kw>
<tag>sucesso</tag>
<tag>venda</tag>
<status status="PASS" start="2024-10-29T17:42:40.673639" elapsed="9.110274"/>
</test>
<test id="s1-s1-t3" name="Realizar venda pagamento em TEF OFF" line="36">
<kw name="Iniciar venda pela tecla de atalho" owner="HomePage">
<kw name="Press Key" owner="PyAutoGuiLibrary">
<arg>F1</arg>
<doc>Pressiona a tecla especificada.</doc>
<status status="PASS" start="2024-10-29T17:42:49.784914" elapsed="0.101696"/>
</kw>
<status status="PASS" start="2024-10-29T17:42:49.784914" elapsed="0.101696"/>
</kw>
<kw name="Informar produto na venda" owner="VendaPage">
<kw name="Wait Until Element Exist" owner="FlaUILibrary">
<arg>${venda.logoTelaVendas}</arg>
<doc>Waits until element exist or timeout was reached. If timeout was reached an FlaUIError occurred.</doc>
<status status="PASS" start="2024-10-29T17:42:49.886610" elapsed="0.157515"/>
</kw>
<kw name="Click" owner="FlaUILibrary">
<arg>${venda.inputCodigo}</arg>
<doc>Left click to element by an XPath.</doc>
<status status="PASS" start="2024-10-29T17:42:50.044125" elapsed="0.414861"/>
</kw>
<kw name="Log" owner="BuiltIn">
<msg time="2024-10-29T17:42:50.459904" level="INFO">12</msg>
<arg>${produto}</arg>
<doc>Logs the given message with the given level.</doc>
<status status="PASS" start="2024-10-29T17:42:50.459904" elapsed="0.000000"/>
</kw>
<kw name="Set Text To Textbox" owner="FlaUILibrary">
<arg>${venda.inputCodigo}</arg>
<arg>${produto}</arg>
<doc>Inputs value to a textbox module.</doc>
<status status="PASS" start="2024-10-29T17:42:50.459904" elapsed="0.304104"/>
</kw>
<kw name="Press Key" owner="PyAutoGuiLibrary">
<arg>ENTER</arg>
<doc>Pressiona a tecla especificada.</doc>
<status status="PASS" start="2024-10-29T17:42:50.764008" elapsed="0.101774"/>
</kw>
<arg>${CODIGO_PRODUTO}</arg>
<status status="PASS" start="2024-10-29T17:42:49.886610" elapsed="0.979172"/>
</kw>
<kw name="Fechar venda" owner="VendaPage">
<kw name="Press Key" owner="PyAutoGuiLibrary">
<arg>F3</arg>
<doc>Pressiona a tecla especificada.</doc>
<status status="PASS" start="2024-10-29T17:42:50.865782" elapsed="0.101637"/>
</kw>
<status status="PASS" start="2024-10-29T17:42:50.865782" elapsed="0.101637"/>
</kw>
<kw name="Informar pagamento" owner="PagamentoPage">
<kw name="Wait Until Element Exist" owner="FlaUILibrary">
<arg>${pagamento.logoTelaPagamento}</arg>
<doc>Waits until element exist or timeout was reached. If timeout was reached an FlaUIError occurred.</doc>
<status status="PASS" start="2024-10-29T17:42:50.967419" elapsed="0.334825"/>
</kw>
<kw name="Click" owner="FlaUILibrary">
<arg>${pagamento.formasPagamento.${forma_pagamento}}</arg>
<doc>Left click to element by an XPath.</doc>
<status status="PASS" start="2024-10-29T17:42:51.303748" elapsed="0.430159"/>
</kw>
<arg>tefOff</arg>
<status status="PASS" start="2024-10-29T17:42:50.967419" elapsed="0.767097"/>
</kw>
<kw name="Lancar pagamento na venda" owner="PagamentoPage">
<kw name="Press Key" owner="PyAutoGuiLibrary">
<arg>-</arg>
<doc>Pressiona a tecla especificada.</doc>
<status status="PASS" start="2024-10-29T17:42:51.735863" elapsed="0.101957"/>
</kw>
<status status="PASS" start="2024-10-29T17:42:51.734811" elapsed="0.103009"/>
</kw>
<kw name="Pagamento TEF OFF" owner="PagamentoPage">
<kw name="Press Key" owner="PyAutoGuiLibrary">
<arg>ENTER</arg>
<doc>Pressiona a tecla especificada.</doc>
<status status="PASS" start="2024-10-29T17:42:51.838841" elapsed="0.100826"/>
</kw>
<kw name="Press Key" owner="PyAutoGuiLibrary">
<arg>ENTER</arg>
<doc>Pressiona a tecla especificada.</doc>
<status status="PASS" start="2024-10-29T17:42:51.939667" elapsed="0.102295"/>
</kw>
<status status="PASS" start="2024-10-29T17:42:51.837820" elapsed="0.204142"/>
</kw>
<kw name="Finalizar venda" owner="PagamentoPage">
<kw name="Press Key" owner="PyAutoGuiLibrary">
<arg>F9</arg>
<doc>Pressiona a tecla especificada.</doc>
<status status="PASS" start="2024-10-29T17:42:52.041962" elapsed="0.101861"/>
</kw>
<kw name="Sleep" owner="BuiltIn">
<msg time="2024-10-29T17:42:57.144201" level="INFO">Slept 5 seconds.</msg>
<arg>5</arg>
<doc>Pauses the test executed for the given time.</doc>
<status status="PASS" start="2024-10-29T17:42:52.143823" elapsed="5.000378"/>
</kw>
<kw name="Press Key" owner="PyAutoGuiLibrary">
<arg>ESC</arg>
<doc>Pressiona a tecla especificada.</doc>
<status status="PASS" start="2024-10-29T17:42:57.144424" elapsed="0.101533"/>
</kw>
<status status="PASS" start="2024-10-29T17:42:52.041962" elapsed="5.203995"/>
</kw>
<kw name="Aguardar retornar para a Home do PDV" owner="Hooks">
<kw name="Wait Until Element Exist" owner="FlaUILibrary">
<arg>${homepage.btnIniciarVenda}</arg>
<doc>Waits until element exist or timeout was reached. If timeout was reached an FlaUIError occurred.</doc>
<status status="PASS" start="2024-10-29T17:42:57.245957" elapsed="1.867861"/>
</kw>
<status status="PASS" start="2024-10-29T17:42:57.245957" elapsed="1.868064"/>
</kw>
<tag>sucesso</tag>
<tag>venda</tag>
<status status="PASS" start="2024-10-29T17:42:49.784914" elapsed="9.329107"/>
</test>
<kw name="Fechar PDV" owner="Abrir-E-Fechar-PDV" type="TEARDOWN">
<kw name="Close Application By Name" owner="FlaUILibrary">
<arg>Softshop.exe</arg>
<doc>Closes the attached application by name.</doc>
<status status="PASS" start="2024-10-29T17:42:59.115022" elapsed="0.087274"/>
</kw>
<status status="PASS" start="2024-10-29T17:42:59.115022" elapsed="0.088274"/>
</kw>
<status status="PASS" start="2024-10-29T17:42:01.740501" elapsed="57.462795"/>
</suite>
<status status="PASS" start="2024-10-29T17:42:01.711697" elapsed="57.514054"/>
</suite>
<statistics>
<total>
<stat pass="3" fail="0" skip="0">All Tests</stat>
</total>
<tag>
<stat pass="3" fail="0" skip="0">sucesso</stat>
<stat pass="3" fail="0" skip="0">venda</stat>
</tag>
<suite>
<stat pass="3" fail="0" skip="0" id="s1" name="Tests">Tests</stat>
<stat pass="3" fail="0" skip="0" id="s1-s1" name="VendaTest">Tests.VendaTest</stat>
</suite>
</statistics>
<errors>
</errors>
</robot>
