<?xml version="1.0" encoding="UTF-8"?>
<robot generator="Robot 7.1 (Python 3.12.5 on win32)" generated="2024-10-25T16:54:53.271001" rpa="false" schemaversion="5">
<suite id="s1" name="KDSTest" source="c:\Users\miranda.henriques\dev\automacao-pdv\Tests\KDSTest.robot">
<test id="s1-t1" name="Abrir mesa e realizar lancamento" line="10">
<kw name="Abrir PDV" owner="Abrir-E-Fechar-PDV" type="SETUP">
<kw name="Launch Application" owner="FlaUILibrary">
<arg>C:\\Program Files (x86)\\Softcom Tecnologia\\Softshop Caixa\\Softshop.exe</arg>
<doc>Launches an application.</doc>
<status status="PASS" start="2024-10-25T16:54:53.674967" elapsed="0.060995"/>
</kw>
<status status="PASS" start="2024-10-25T16:54:53.674967" elapsed="0.060995"/>
</kw>
<kw name="Realizar login no PDV" owner="Hooks">
<kw name="Informar senha valida" owner="LoginPage">
<kw name="Wait Until Element Exist" owner="FlaUILibrary">
<arg>${login.senha}</arg>
<doc>Waits until element exist or timeout was reached. If timeout was reached an FlaUIError occurred.</doc>
<status status="PASS" start="2024-10-25T16:54:53.736961" elapsed="6.494621"/>
</kw>
<kw name="Click" owner="FlaUILibrary">
<arg>${login.senha}</arg>
<doc>Left click to element by an XPath.</doc>
<status status="PASS" start="2024-10-25T16:55:00.232581" elapsed="0.211523"/>
</kw>
<kw name="Set Text To Textbox" owner="FlaUILibrary">
<arg>${login.senha}</arg>
<arg>${PDV_SENHA_VALIDA}</arg>
<doc>Inputs value to a textbox module.</doc>
<status status="PASS" start="2024-10-25T16:55:00.444104" elapsed="0.109311"/>
</kw>
<status status="PASS" start="2024-10-25T16:54:53.736961" elapsed="6.816454"/>
</kw>
<kw name="Clicar no botao Login" owner="LoginPage">
<kw name="Click" owner="FlaUILibrary">
<arg>${login.btnLogin}</arg>
<doc>Left click to element by an XPath.</doc>
<status status="PASS" start="2024-10-25T16:55:00.553415" elapsed="0.193419"/>
</kw>
<status status="PASS" start="2024-10-25T16:55:00.553415" elapsed="0.193419"/>
</kw>
<kw name="Validar que PDV abriu e carregou os dados" owner="HomePage">
<kw name="Wait Until Element Exist" owner="FlaUILibrary">
<msg time="2024-10-25T16:55:32.388738" level="INFO">test_estauto_abrir_mesa_e_realizar_lancamento_1729886132320_1.jpg</msg>
<msg time="2024-10-25T16:55:32.388738" level="INFO" html="true">&lt;/td&gt;&lt;/tr&gt;&lt;tr&gt;&lt;td colspan="3"&gt;&lt;a href="test_estauto_abrir_mesa_e_realizar_lancamento_1729886132320_1.jpg"&gt;&lt;img src="test_estauto_abrir_mesa_e_realizar_lancamento_1729886132320_1.jpg" width="800px"&gt;&lt;/a&gt;</msg>
<arg>${homepage.btnNotificacoes}</arg>
<doc>Waits until element exist or timeout was reached. If timeout was reached an FlaUIError occurred.</doc>
<status status="FAIL" start="2024-10-25T16:55:00.747837" elapsed="31.572626">Execution terminated by signal</status>
</kw>
<status status="FAIL" start="2024-10-25T16:55:00.746834" elapsed="31.642907">Execution terminated by signal</status>
</kw>
<status status="FAIL" start="2024-10-25T16:54:53.735962" elapsed="38.653779">Execution terminated by signal</status>
</kw>
<kw name="Abrir painel de mesas" owner="HomePage">
<status status="NOT RUN" start="2024-10-25T16:55:32.389741" elapsed="0.000998"/>
</kw>
<for flavor="IN RANGE">
<iter>
<kw name="Log" owner="BuiltIn">
<arg>${indice}</arg>
<doc>Logs the given message with the given level.</doc>
<status status="NOT RUN" start="2024-10-25T16:55:32.391740" elapsed="0.000000"/>
</kw>
<kw name="Set Variable" owner="BuiltIn">
<var>${seletor_dinamico}</var>
<arg>//Pane[@AutomationId="ControleMesa${indice}"]</arg>
<doc>Returns the given values which can then be assigned to a variables.</doc>
<status status="NOT RUN" start="2024-10-25T16:55:32.391740" elapsed="0.000000"/>
</kw>
<kw name="Click" owner="FlaUILibrary">
<arg>${seletor_dinamico}</arg>
<doc>Left click to element by an XPath.</doc>
<status status="NOT RUN" start="2024-10-25T16:55:32.391740" elapsed="0.000000"/>
</kw>
<kw name="Informar produto" owner="PainelDeMesasPage">
<arg>11</arg>
<status status="NOT RUN" start="2024-10-25T16:55:32.391740" elapsed="0.000999"/>
</kw>
<kw name="Sleep" owner="BuiltIn">
<arg>10</arg>
<doc>Pauses the test executed for the given time.</doc>
<status status="NOT RUN" start="2024-10-25T16:55:32.392739" elapsed="0.000000"/>
</kw>
<var name="${indice}"/>
<status status="NOT RUN" start="2024-10-25T16:55:32.391740" elapsed="0.000999"/>
</iter>
<var>${indice}</var>
<value>10</value>
<value>${NUM_MAXIMO_MESAS}</value>
<status status="NOT RUN" start="2024-10-25T16:55:32.390739" elapsed="0.002000"/>
</for>
<kw name="Fechar PDV" owner="Abrir-E-Fechar-PDV" type="TEARDOWN">
<kw name="Close Application By Name" owner="FlaUILibrary">
<arg>Softshop.exe</arg>
<doc>Closes the attached application by name.</doc>
<status status="PASS" start="2024-10-25T16:55:32.392739" elapsed="0.027997"/>
</kw>
<status status="PASS" start="2024-10-25T16:55:32.392739" elapsed="0.027997"/>
</kw>
<tag>kds</tag>
<status status="FAIL" start="2024-10-25T16:54:53.673968" elapsed="38.746768">Execution terminated by signal</status>
</test>
<status status="FAIL" start="2024-10-25T16:54:53.272999" elapsed="39.149737"/>
</suite>
<statistics>
<total>
<stat pass="0" fail="1" skip="0">All Tests</stat>
</total>
<tag>
<stat pass="0" fail="1" skip="0">kds</stat>
</tag>
<suite>
<stat pass="0" fail="1" skip="0" id="s1" name="KDSTest">KDSTest</stat>
</suite>
</statistics>
<errors>
</errors>
</robot>
