<?xml version="1.0" encoding="UTF-8"?>
<robot generator="Robot 7.1 (Python 3.12.4 on win32)" generated="2024-10-29T18:08:42.020323" rpa="false" schemaversion="5">
<suite id="s1" name="Tests" source="C:\Users\rober\dev\pdv-test-automation\Tests">
<suite id="s1-s1" name="VendaTest" source="C:\Users\rober\dev\pdv-test-automation\Tests\VendaTest.robot">
<kw name="Abrir PDV" owner="Abrir-E-Fechar-PDV" type="SETUP">
<kw name="Launch Application" owner="FlaUILibrary">
<arg>C:\\Program Files (x86)\\Softcom Tecnologia\\Softshop Caixa\\Softshop.exe</arg>
<doc>Launches an application.</doc>
<status status="PASS" start="2024-10-29T18:08:42.884593" elapsed="0.119373"/>
</kw>
<status status="PASS" start="2024-10-29T18:08:42.884420" elapsed="0.120688"/>
</kw>
<test id="s1-s1-t1" name="Realizar venda pagamento em dinheiro" line="14">
<kw name="Realizar login no PDV" owner="Hooks">
<kw name="Informar senha valida" owner="LoginPage">
<kw name="Wait Until Element Exist" owner="FlaUILibrary">
<arg>${login.senha}</arg>
<doc>Waits until element exist or timeout was reached. If timeout was reached an FlaUIError occurred.</doc>
<status status="PASS" start="2024-10-29T18:08:43.006110" elapsed="10.780700"/>
</kw>
<kw name="Click" owner="FlaUILibrary">
<arg>${login.senha}</arg>
<doc>Left click to element by an XPath.</doc>
<status status="PASS" start="2024-10-29T18:08:53.786810" elapsed="0.288952"/>
</kw>
<kw name="Set Text To Textbox" owner="FlaUILibrary">
<arg>${login.senha}</arg>
<arg>${PDV_SENHA_VALIDA}</arg>
<doc>Inputs value to a textbox module.</doc>
<status status="PASS" start="2024-10-29T18:08:54.075762" elapsed="0.170899"/>
</kw>
<status status="PASS" start="2024-10-29T18:08:43.006110" elapsed="11.240551"/>
</kw>
<kw name="Clicar no botao Login" owner="LoginPage">
<kw name="Click" owner="FlaUILibrary">
<arg>${login.btnLogin}</arg>
<doc>Left click to element by an XPath.</doc>
<status status="PASS" start="2024-10-29T18:08:54.247661" elapsed="0.276228"/>
</kw>
<status status="PASS" start="2024-10-29T18:08:54.246661" elapsed="0.277397"/>
</kw>
<kw name="Validar que PDV abriu e carregou os dados" owner="HomePage">
<kw name="Wait Until Element Exist" owner="FlaUILibrary">
<arg>${homepage.btnKDS}</arg>
<doc>Waits until element exist or timeout was reached. If timeout was reached an FlaUIError occurred.</doc>
<status status="PASS" start="2024-10-29T18:08:54.524058" elapsed="15.869042"/>
</kw>
<status status="PASS" start="2024-10-29T18:08:54.524058" elapsed="15.869042"/>
</kw>
<status status="PASS" start="2024-10-29T18:08:43.006110" elapsed="27.386990"/>
</kw>
<kw name="Iniciar venda pela tecla de atalho" owner="HomePage">
<kw name="Press Key" owner="PyAutoGuiLibrary">
<arg>F1</arg>
<doc>Pressiona a tecla especificada.</doc>
<status status="PASS" start="2024-10-29T18:09:10.394193" elapsed="0.101137"/>
</kw>
<status status="PASS" start="2024-10-29T18:09:10.394102" elapsed="0.101228"/>
</kw>
<kw name="Informar produto na venda" owner="VendaPage">
<kw name="Wait Until Element Exist" owner="FlaUILibrary">
<arg>${venda.logoTelaVendas}</arg>
<doc>Waits until element exist or timeout was reached. If timeout was reached an FlaUIError occurred.</doc>
<status status="PASS" start="2024-10-29T18:09:10.495839" elapsed="0.272687"/>
</kw>
<kw name="Click" owner="FlaUILibrary">
<arg>${venda.inputCodigo}</arg>
<doc>Left click to element by an XPath.</doc>
<status status="PASS" start="2024-10-29T18:09:10.768526" elapsed="0.409647"/>
</kw>
<kw name="Set Text To Textbox" owner="FlaUILibrary">
<arg>${venda.inputCodigo}</arg>
<arg>${produto}</arg>
<doc>Inputs value to a textbox module.</doc>
<status status="PASS" start="2024-10-29T18:09:11.178173" elapsed="0.315225"/>
</kw>
<kw name="Press Key" owner="PyAutoGuiLibrary">
<arg>ENTER</arg>
<doc>Pressiona a tecla especificada.</doc>
<status status="PASS" start="2024-10-29T18:09:11.493398" elapsed="0.101357"/>
</kw>
<arg>${CODIGO_PRODUTO}</arg>
<status status="PASS" start="2024-10-29T18:09:10.495839" elapsed="1.099063"/>
</kw>
<kw name="Fechar venda" owner="VendaPage">
<kw name="Press Key" owner="PyAutoGuiLibrary">
<arg>F3</arg>
<doc>Pressiona a tecla especificada.</doc>
<status status="PASS" start="2024-10-29T18:09:11.595410" elapsed="0.102079"/>
</kw>
<status status="PASS" start="2024-10-29T18:09:11.595410" elapsed="0.102079"/>
</kw>
<kw name="Informar pagamento" owner="PagamentoPage">
<kw name="Wait Until Element Exist" owner="FlaUILibrary">
<arg>${pagamento.logoTelaPagamento}</arg>
<doc>Waits until element exist or timeout was reached. If timeout was reached an FlaUIError occurred.</doc>
<status status="PASS" start="2024-10-29T18:09:11.697489" elapsed="0.632521"/>
</kw>
<kw name="Click" owner="FlaUILibrary">
<arg>${pagamento.formasPagamento.${forma_pagamento}}</arg>
<doc>Left click to element by an XPath.</doc>
<status status="PASS" start="2024-10-29T18:09:12.331012" elapsed="0.604446"/>
</kw>
<arg>dinheiro</arg>
<status status="PASS" start="2024-10-29T18:09:11.697489" elapsed="1.237969"/>
</kw>
<kw name="Lancar pagamento na venda" owner="PagamentoPage">
<kw name="Press Key" owner="PyAutoGuiLibrary">
<arg>-</arg>
<doc>Pressiona a tecla especificada.</doc>
<status status="PASS" start="2024-10-29T18:09:12.936971" elapsed="0.102428"/>
</kw>
<status status="PASS" start="2024-10-29T18:09:12.936971" elapsed="0.102428"/>
</kw>
<kw name="Finalizar venda" owner="PagamentoPage">
<kw name="Press Key" owner="PyAutoGuiLibrary">
<arg>F9</arg>
<doc>Pressiona a tecla especificada.</doc>
<status status="PASS" start="2024-10-29T18:09:13.039399" elapsed="0.102154"/>
</kw>
<kw name="Sleep" owner="BuiltIn">
<msg time="2024-10-29T18:09:18.142087" level="INFO">Slept 5 seconds.</msg>
<arg>5</arg>
<doc>Pauses the test executed for the given time.</doc>
<status status="PASS" start="2024-10-29T18:09:13.141553" elapsed="5.000534"/>
</kw>
<kw name="Press Key" owner="PyAutoGuiLibrary">
<arg>ESC</arg>
<doc>Pressiona a tecla especificada.</doc>
<status status="PASS" start="2024-10-29T18:09:18.142087" elapsed="0.101740"/>
</kw>
<status status="PASS" start="2024-10-29T18:09:13.039399" elapsed="5.204428"/>
</kw>
<kw name="Aguardar retornar para a Home do PDV" owner="Hooks">
<kw name="Wait Until Element Exist" owner="FlaUILibrary">
<arg>${homepage.btnIniciarVenda}</arg>
<doc>Waits until element exist or timeout was reached. If timeout was reached an FlaUIError occurred.</doc>
<status status="PASS" start="2024-10-29T18:09:18.244697" elapsed="2.999939"/>
</kw>
<status status="PASS" start="2024-10-29T18:09:18.243827" elapsed="3.001314"/>
</kw>
<tag>sucesso</tag>
<tag>venda</tag>
<status status="PASS" start="2024-10-29T18:08:43.005108" elapsed="38.240033"/>
</test>
<test id="s1-s1-t2" name="Realizar venda pagamento em PIX OFF" line="26">
<kw name="Iniciar venda pela tecla de atalho" owner="HomePage">
<kw name="Press Key" owner="PyAutoGuiLibrary">
<arg>F1</arg>
<doc>Pressiona a tecla especificada.</doc>
<status status="PASS" start="2024-10-29T18:09:21.246146" elapsed="0.101403"/>
</kw>
<status status="PASS" start="2024-10-29T18:09:21.246146" elapsed="0.101403"/>
</kw>
<kw name="Informar produto na venda" owner="VendaPage">
<kw name="Wait Until Element Exist" owner="FlaUILibrary">
<arg>${venda.logoTelaVendas}</arg>
<doc>Waits until element exist or timeout was reached. If timeout was reached an FlaUIError occurred.</doc>
<status status="PASS" start="2024-10-29T18:09:21.347549" elapsed="0.187943"/>
</kw>
<kw name="Click" owner="FlaUILibrary">
<arg>${venda.inputCodigo}</arg>
<doc>Left click to element by an XPath.</doc>
<status status="PASS" start="2024-10-29T18:09:21.535492" elapsed="0.454230"/>
</kw>
<kw name="Set Text To Textbox" owner="FlaUILibrary">
<arg>${venda.inputCodigo}</arg>
<arg>${produto}</arg>
<doc>Inputs value to a textbox module.</doc>
<status status="PASS" start="2024-10-29T18:09:21.989722" elapsed="0.296518"/>
</kw>
<kw name="Press Key" owner="PyAutoGuiLibrary">
<arg>ENTER</arg>
<doc>Pressiona a tecla especificada.</doc>
<status status="PASS" start="2024-10-29T18:09:22.286240" elapsed="0.101033"/>
</kw>
<arg>${CODIGO_PRODUTO}</arg>
<status status="PASS" start="2024-10-29T18:09:21.347549" elapsed="1.039724"/>
</kw>
<kw name="Fechar venda" owner="VendaPage">
<kw name="Press Key" owner="PyAutoGuiLibrary">
<arg>F3</arg>
<doc>Pressiona a tecla especificada.</doc>
<status status="PASS" start="2024-10-29T18:09:22.387759" elapsed="0.101165"/>
</kw>
<status status="PASS" start="2024-10-29T18:09:22.387759" elapsed="0.101165"/>
</kw>
<kw name="Informar pagamento" owner="PagamentoPage">
<kw name="Wait Until Element Exist" owner="FlaUILibrary">
<arg>${pagamento.logoTelaPagamento}</arg>
<doc>Waits until element exist or timeout was reached. If timeout was reached an FlaUIError occurred.</doc>
<status status="PASS" start="2024-10-29T18:09:22.489932" elapsed="0.328207"/>
</kw>
<kw name="Click" owner="FlaUILibrary">
<arg>${pagamento.formasPagamento.${forma_pagamento}}</arg>
<doc>Left click to element by an XPath.</doc>
<status status="PASS" start="2024-10-29T18:09:22.818139" elapsed="0.444575"/>
</kw>
<arg>pixOff</arg>
<status status="PASS" start="2024-10-29T18:09:22.488924" elapsed="0.773790"/>
</kw>
<kw name="Lancar pagamento na venda" owner="PagamentoPage">
<kw name="Press Key" owner="PyAutoGuiLibrary">
<arg>-</arg>
<doc>Pressiona a tecla especificada.</doc>
<status status="PASS" start="2024-10-29T18:09:23.264561" elapsed="0.100975"/>
</kw>
<status status="PASS" start="2024-10-29T18:09:23.262714" elapsed="0.102822"/>
</kw>
<kw name="Finalizar venda" owner="PagamentoPage">
<kw name="Press Key" owner="PyAutoGuiLibrary">
<arg>F9</arg>
<doc>Pressiona a tecla especificada.</doc>
<status status="PASS" start="2024-10-29T18:09:23.366540" elapsed="0.100772"/>
</kw>
<kw name="Sleep" owner="BuiltIn">
<msg time="2024-10-29T18:09:28.467724" level="INFO">Slept 5 seconds.</msg>
<arg>5</arg>
<doc>Pauses the test executed for the given time.</doc>
<status status="PASS" start="2024-10-29T18:09:23.467312" elapsed="5.000412"/>
</kw>
<kw name="Press Key" owner="PyAutoGuiLibrary">
<arg>ESC</arg>
<doc>Pressiona a tecla especificada.</doc>
<status status="PASS" start="2024-10-29T18:09:28.468282" elapsed="0.100982"/>
</kw>
<status status="PASS" start="2024-10-29T18:09:23.365536" elapsed="5.203728"/>
</kw>
<kw name="Aguardar retornar para a Home do PDV" owner="Hooks">
<kw name="Wait Until Element Exist" owner="FlaUILibrary">
<arg>${homepage.btnIniciarVenda}</arg>
<doc>Waits until element exist or timeout was reached. If timeout was reached an FlaUIError occurred.</doc>
<status status="PASS" start="2024-10-29T18:09:28.569264" elapsed="1.819188"/>
</kw>
<status status="PASS" start="2024-10-29T18:09:28.569264" elapsed="1.820150"/>
</kw>
<tag>sucesso</tag>
<tag>venda</tag>
<status status="PASS" start="2024-10-29T18:09:21.245982" elapsed="9.143432"/>
</test>
<test id="s1-s1-t3" name="Realizar venda pagamento em TEF OFF" line="37">
<kw name="Iniciar venda pela tecla de atalho" owner="HomePage">
<kw name="Press Key" owner="PyAutoGuiLibrary">
<arg>F1</arg>
<doc>Pressiona a tecla especificada.</doc>
<status status="PASS" start="2024-10-29T18:09:30.390413" elapsed="0.101479"/>
</kw>
<status status="PASS" start="2024-10-29T18:09:30.390413" elapsed="0.101479"/>
</kw>
<kw name="Informar produto na venda" owner="VendaPage">
<kw name="Wait Until Element Exist" owner="FlaUILibrary">
<arg>${venda.logoTelaVendas}</arg>
<doc>Waits until element exist or timeout was reached. If timeout was reached an FlaUIError occurred.</doc>
<status status="PASS" start="2024-10-29T18:09:30.493017" elapsed="0.172445"/>
</kw>
<kw name="Click" owner="FlaUILibrary">
<arg>${venda.inputCodigo}</arg>
<doc>Left click to element by an XPath.</doc>
<status status="PASS" start="2024-10-29T18:09:30.665462" elapsed="0.415520"/>
</kw>
<kw name="Set Text To Textbox" owner="FlaUILibrary">
<arg>${venda.inputCodigo}</arg>
<arg>${produto}</arg>
<doc>Inputs value to a textbox module.</doc>
<status status="PASS" start="2024-10-29T18:09:31.080982" elapsed="0.294575"/>
</kw>
<kw name="Press Key" owner="PyAutoGuiLibrary">
<arg>ENTER</arg>
<doc>Pressiona a tecla especificada.</doc>
<status status="PASS" start="2024-10-29T18:09:31.376564" elapsed="0.101223"/>
</kw>
<arg>${CODIGO_PRODUTO}</arg>
<status status="PASS" start="2024-10-29T18:09:30.491892" elapsed="0.985895"/>
</kw>
<kw name="Fechar venda" owner="VendaPage">
<kw name="Press Key" owner="PyAutoGuiLibrary">
<arg>F3</arg>
<doc>Pressiona a tecla especificada.</doc>
<status status="PASS" start="2024-10-29T18:09:31.477787" elapsed="0.101566"/>
</kw>
<status status="PASS" start="2024-10-29T18:09:31.477787" elapsed="0.101566"/>
</kw>
<kw name="Informar pagamento" owner="PagamentoPage">
<kw name="Wait Until Element Exist" owner="FlaUILibrary">
<arg>${pagamento.logoTelaPagamento}</arg>
<doc>Waits until element exist or timeout was reached. If timeout was reached an FlaUIError occurred.</doc>
<status status="PASS" start="2024-10-29T18:09:31.579353" elapsed="0.382219"/>
</kw>
<kw name="Click" owner="FlaUILibrary">
<arg>${pagamento.formasPagamento.${forma_pagamento}}</arg>
<doc>Left click to element by an XPath.</doc>
<status status="PASS" start="2024-10-29T18:09:31.962573" elapsed="0.448572"/>
</kw>
<arg>tefOff</arg>
<status status="PASS" start="2024-10-29T18:09:31.579353" elapsed="0.831792"/>
</kw>
<kw name="Lancar pagamento na venda" owner="PagamentoPage">
<kw name="Press Key" owner="PyAutoGuiLibrary">
<arg>-</arg>
<doc>Pressiona a tecla especificada.</doc>
<status status="PASS" start="2024-10-29T18:09:32.412148" elapsed="0.101361"/>
</kw>
<status status="PASS" start="2024-10-29T18:09:32.411145" elapsed="0.102364"/>
</kw>
<kw name="Pagamento TEF OFF" owner="PagamentoPage">
<kw name="Press Key" owner="PyAutoGuiLibrary">
<arg>ENTER</arg>
<doc>Pressiona a tecla especificada.</doc>
<status status="PASS" start="2024-10-29T18:09:32.514707" elapsed="0.100617"/>
</kw>
<kw name="Press Key" owner="PyAutoGuiLibrary">
<arg>ENTER</arg>
<doc>Pressiona a tecla especificada.</doc>
<status status="PASS" start="2024-10-29T18:09:32.615324" elapsed="0.104119"/>
</kw>
<status status="PASS" start="2024-10-29T18:09:32.513509" elapsed="0.205934"/>
</kw>
<kw name="Finalizar venda" owner="PagamentoPage">
<kw name="Press Key" owner="PyAutoGuiLibrary">
<arg>F9</arg>
<doc>Pressiona a tecla especificada.</doc>
<status status="PASS" start="2024-10-29T18:09:32.719443" elapsed="0.102229"/>
</kw>
<kw name="Sleep" owner="BuiltIn">
<msg time="2024-10-29T18:09:37.822096" level="INFO">Slept 5 seconds.</msg>
<arg>5</arg>
<doc>Pauses the test executed for the given time.</doc>
<status status="PASS" start="2024-10-29T18:09:32.821672" elapsed="5.000424"/>
</kw>
<kw name="Press Key" owner="PyAutoGuiLibrary">
<arg>ESC</arg>
<doc>Pressiona a tecla especificada.</doc>
<status status="PASS" start="2024-10-29T18:09:37.823187" elapsed="0.102325"/>
</kw>
<status status="PASS" start="2024-10-29T18:09:32.719443" elapsed="5.206069"/>
</kw>
<kw name="Aguardar retornar para a Home do PDV" owner="Hooks">
<kw name="Wait Until Element Exist" owner="FlaUILibrary">
<arg>${homepage.btnIniciarVenda}</arg>
<doc>Waits until element exist or timeout was reached. If timeout was reached an FlaUIError occurred.</doc>
<status status="PASS" start="2024-10-29T18:09:37.926525" elapsed="1.827550"/>
</kw>
<status status="PASS" start="2024-10-29T18:09:37.925512" elapsed="1.829068"/>
</kw>
<tag>sucesso</tag>
<tag>venda</tag>
<status status="PASS" start="2024-10-29T18:09:30.389414" elapsed="9.365166"/>
</test>
<test id="s1-s1-t4" name="Realizar venda com quantidade fracionada" line="48">
<kw name="Iniciar venda pela tecla de atalho" owner="HomePage">
<kw name="Press Key" owner="PyAutoGuiLibrary">
<arg>F1</arg>
<doc>Pressiona a tecla especificada.</doc>
<status status="PASS" start="2024-10-29T18:09:39.755585" elapsed="0.101479"/>
</kw>
<status status="PASS" start="2024-10-29T18:09:39.755585" elapsed="0.101479"/>
</kw>
<kw name="Informar quantidade especifica" owner="VendaPage">
<kw name="Click" owner="FlaUILibrary">
<arg>${venda.inputCodigo}</arg>
<doc>Left click to element by an XPath.</doc>
<status status="PASS" start="2024-10-29T18:09:39.858122" elapsed="0.529392"/>
</kw>
<kw name="Set Text To Textbox" owner="FlaUILibrary">
<arg>${venda.inputCodigo}</arg>
<arg>${quantidade}</arg>
<doc>Inputs value to a textbox module.</doc>
<status status="PASS" start="2024-10-29T18:09:40.387514" elapsed="0.280884"/>
</kw>
<kw name="Press Key" owner="PyAutoGuiLibrary">
<arg>*</arg>
<doc>Pressiona a tecla especificada.</doc>
<status status="PASS" start="2024-10-29T18:09:40.668398" elapsed="0.101886"/>
</kw>
<arg>${QUANTIDADE_FRACIONADA}</arg>
<status status="PASS" start="2024-10-29T18:09:39.857064" elapsed="0.913220"/>
</kw>
<kw name="Informar produto na venda" owner="VendaPage">
<kw name="Wait Until Element Exist" owner="FlaUILibrary">
<arg>${venda.logoTelaVendas}</arg>
<doc>Waits until element exist or timeout was reached. If timeout was reached an FlaUIError occurred.</doc>
<status status="PASS" start="2024-10-29T18:09:40.770284" elapsed="0.125310"/>
</kw>
<kw name="Click" owner="FlaUILibrary">
<arg>${venda.inputCodigo}</arg>
<doc>Left click to element by an XPath.</doc>
<status status="PASS" start="2024-10-29T18:09:40.895594" elapsed="0.390461"/>
</kw>
<kw name="Set Text To Textbox" owner="FlaUILibrary">
<arg>${venda.inputCodigo}</arg>
<arg>${produto}</arg>
<doc>Inputs value to a textbox module.</doc>
<status status="PASS" start="2024-10-29T18:09:41.286833" elapsed="0.325772"/>
</kw>
<kw name="Press Key" owner="PyAutoGuiLibrary">
<arg>ENTER</arg>
<doc>Pressiona a tecla especificada.</doc>
<status status="PASS" start="2024-10-29T18:09:41.612605" elapsed="0.101702"/>
</kw>
<arg>${CODIGO_PRODUTO}</arg>
<status status="PASS" start="2024-10-29T18:09:40.770284" elapsed="0.944023"/>
</kw>
<kw name="Fechar venda" owner="VendaPage">
<kw name="Press Key" owner="PyAutoGuiLibrary">
<arg>F3</arg>
<doc>Pressiona a tecla especificada.</doc>
<status status="PASS" start="2024-10-29T18:09:41.715332" elapsed="0.101824"/>
</kw>
<status status="PASS" start="2024-10-29T18:09:41.715332" elapsed="0.101824"/>
</kw>
<kw name="Informar pagamento" owner="PagamentoPage">
<kw name="Wait Until Element Exist" owner="FlaUILibrary">
<arg>${pagamento.logoTelaPagamento}</arg>
<doc>Waits until element exist or timeout was reached. If timeout was reached an FlaUIError occurred.</doc>
<status status="PASS" start="2024-10-29T18:09:41.817156" elapsed="0.365430"/>
</kw>
<kw name="Click" owner="FlaUILibrary">
<arg>${pagamento.formasPagamento.${forma_pagamento}}</arg>
<doc>Left click to element by an XPath.</doc>
<status status="PASS" start="2024-10-29T18:09:42.182586" elapsed="0.471967"/>
</kw>
<arg>dinheiro</arg>
<status status="PASS" start="2024-10-29T18:09:41.817156" elapsed="0.837397"/>
</kw>
<kw name="Lancar pagamento na venda" owner="PagamentoPage">
<kw name="Press Key" owner="PyAutoGuiLibrary">
<arg>-</arg>
<doc>Pressiona a tecla especificada.</doc>
<status status="PASS" start="2024-10-29T18:09:42.655579" elapsed="0.102116"/>
</kw>
<status status="PASS" start="2024-10-29T18:09:42.655579" elapsed="0.102116"/>
</kw>
<kw name="Finalizar venda" owner="PagamentoPage">
<kw name="Press Key" owner="PyAutoGuiLibrary">
<arg>F9</arg>
<doc>Pressiona a tecla especificada.</doc>
<status status="PASS" start="2024-10-29T18:09:42.758264" elapsed="0.119478"/>
</kw>
<kw name="Sleep" owner="BuiltIn">
<msg time="2024-10-29T18:09:47.878124" level="INFO">Slept 5 seconds.</msg>
<arg>5</arg>
<doc>Pauses the test executed for the given time.</doc>
<status status="PASS" start="2024-10-29T18:09:42.877742" elapsed="5.000382"/>
</kw>
<kw name="Press Key" owner="PyAutoGuiLibrary">
<arg>ESC</arg>
<doc>Pressiona a tecla especificada.</doc>
<status status="PASS" start="2024-10-29T18:09:47.878124" elapsed="0.102992"/>
</kw>
<status status="PASS" start="2024-10-29T18:09:42.758264" elapsed="5.222852"/>
</kw>
<kw name="Aguardar retornar para a Home do PDV" owner="Hooks">
<kw name="Wait Until Element Exist" owner="FlaUILibrary">
<arg>${homepage.btnIniciarVenda}</arg>
<doc>Waits until element exist or timeout was reached. If timeout was reached an FlaUIError occurred.</doc>
<status status="PASS" start="2024-10-29T18:09:47.981116" elapsed="1.836938"/>
</kw>
<status status="PASS" start="2024-10-29T18:09:47.981116" elapsed="1.836938"/>
</kw>
<tag>quantidade_fracionada</tag>
<tag>sucesso</tag>
<tag>venda</tag>
<status status="PASS" start="2024-10-29T18:09:39.754580" elapsed="10.064478"/>
</test>
<kw name="Fechar PDV" owner="Abrir-E-Fechar-PDV" type="TEARDOWN">
<kw name="Close Application By Name" owner="FlaUILibrary">
<arg>Softshop.exe</arg>
<doc>Closes the attached application by name.</doc>
<status status="PASS" start="2024-10-29T18:09:49.820059" elapsed="0.061859"/>
</kw>
<status status="PASS" start="2024-10-29T18:09:49.819058" elapsed="0.063867"/>
</kw>
<status status="PASS" start="2024-10-29T18:08:42.070526" elapsed="67.812399"/>
</suite>
<status status="PASS" start="2024-10-29T18:08:42.022327" elapsed="67.873889"/>
</suite>
<statistics>
<total>
<stat pass="4" fail="0" skip="0">All Tests</stat>
</total>
<tag>
<stat pass="1" fail="0" skip="0">quantidade_fracionada</stat>
<stat pass="4" fail="0" skip="0">sucesso</stat>
<stat pass="4" fail="0" skip="0">venda</stat>
</tag>
<suite>
<stat pass="4" fail="0" skip="0" id="s1" name="Tests">Tests</stat>
<stat pass="4" fail="0" skip="0" id="s1-s1" name="VendaTest">Tests.VendaTest</stat>
</suite>
</statistics>
<errors>
</errors>
</robot>
