<?xml version="1.0" encoding="UTF-8"?>
<robot generator="Robot 7.1 (Python 3.12.4 on win32)" generated="2024-10-15T18:40:46.979294" rpa="false" schemaversion="5">
<suite id="s1" name="Login-Test" source="c:\Users\rober\dev\pdv-test-automation\Tests\login-test.robot">
<test id="s1-t1" name="Login no PDV" line="7">
<kw name="Abrir PDV" owner="Abrir-E-Fechar-PDV" type="SETUP">
<kw name="Launch Application" owner="FlaUILibrary">
<arg>C:\\Program Files (x86)\\Softcom Tecnologia\\Softshop Caixa\\Softshop.exe</arg>
<doc>Launches an application.</doc>
<status status="PASS" start="2024-10-15T18:40:48.154866" elapsed="0.108624"/>
</kw>
<status status="PASS" start="2024-10-15T18:40:48.152716" elapsed="0.110774"/>
</kw>
<kw name="Sleep" owner="BuiltIn">
<msg time="2024-10-15T18:41:13.265048" level="INFO">Slept 25 seconds.</msg>
<arg>25</arg>
<doc>Pauses the test executed for the given time.</doc>
<status status="PASS" start="2024-10-15T18:40:48.264491" elapsed="25.010800"/>
</kw>
<kw name="Informar senha valida" owner="loginPage">
<kw name="Click" owner="FlaUILibrary">
<arg>${login.senha}</arg>
<doc>Left click to element by an XPath.</doc>
<status status="PASS" start="2024-10-15T18:41:13.278743" elapsed="0.496782"/>
</kw>
<kw name="Set Text To Textbox" owner="FlaUILibrary">
<arg>${login.senha}</arg>
<arg>${PDV_SENHA}</arg>
<doc>Inputs value to a textbox module.</doc>
<status status="PASS" start="2024-10-15T18:41:13.775870" elapsed="0.173153"/>
</kw>
<status status="PASS" start="2024-10-15T18:41:13.277746" elapsed="0.671277"/>
</kw>
<kw name="Clicar no botao Login" owner="loginPage">
<kw name="Click" owner="FlaUILibrary">
<arg>${login.btnLogin}</arg>
<doc>Left click to element by an XPath.</doc>
<status status="PASS" start="2024-10-15T18:41:13.950023" elapsed="0.242409"/>
</kw>
<status status="PASS" start="2024-10-15T18:41:13.950023" elapsed="0.242409"/>
</kw>
<kw name="Sleep" owner="BuiltIn">
<msg time="2024-10-15T18:41:24.193979" level="INFO">Slept 10 seconds.</msg>
<arg>10</arg>
<doc>Pauses the test executed for the given time.</doc>
<status status="PASS" start="2024-10-15T18:41:14.192432" elapsed="10.002142"/>
</kw>
<kw name="Fechar PDV" owner="Abrir-E-Fechar-PDV" type="TEARDOWN">
<kw name="Close Application By Name" owner="FlaUILibrary">
<arg>Softshop.exe</arg>
<doc>Closes the attached application by name.</doc>
<status status="PASS" start="2024-10-15T18:41:24.200436" elapsed="0.084303"/>
</kw>
<status status="PASS" start="2024-10-15T18:41:24.197438" elapsed="0.088300"/>
</kw>
<tag>Demo</tag>
<status status="PASS" start="2024-10-15T18:40:48.151702" elapsed="36.135037"/>
</test>
<status status="PASS" start="2024-10-15T18:40:46.987321" elapsed="37.300419"/>
</suite>
<statistics>
<total>
<stat pass="1" fail="0" skip="0">All Tests</stat>
</total>
<tag>
<stat pass="1" fail="0" skip="0">Demo</stat>
</tag>
<suite>
<stat pass="1" fail="0" skip="0" id="s1" name="Login-Test">Login-Test</stat>
</suite>
</statistics>
<errors>
</errors>
</robot>
